<?xml version="1.0" encoding="UTF-8"?>
<!-- Generated by org.testng.reporters.JUnitXMLReporter -->
<testsuite ignored="0" hostname="Sriram" failures="0" tests="10" name="ChromeTest" time="78.718" errors="0" timestamp="2025-06-14T22:20:15 IST">
  <testcase classname="basePackage.baseTestRunnerClass" name="ObjectCreations" time="0.739"/>
  <testcase classname="basePackage.baseTestRunnerClass" name="openUrl" time="0.926"/>
  <testcase classname="basePackage.baseTestRunnerClass" name="verificationOfEmptyAndInvalidUsernameOrPassword" time="15.1"/>
  <testcase classname="basePackage.baseTestRunnerClass" name="loginFunctionalities" time="6.709"/>
  <testcase classname="basePackage.baseTestRunnerClass" name="sortByFunctionalityVerification" time="26.719"/>
  <testcase classname="basePackage.baseTestRunnerClass" name="addToCartverification" time="6.871"/>
  <testcase classname="basePackage.baseTestRunnerClass" name="cartPageFunctionalities" time="4.311"/>
  <testcase classname="basePackage.baseTestRunnerClass" name="checkoutPageFunction" time="6.716"/>
  <testcase classname="basePackage.baseTestRunnerClass" name="overViewPage" time="2.28"/>
  <testcase classname="basePackage.baseTestRunnerClass" name="finishPageFunctionalities" time="5.054"/>
</testsuite> <!-- ChromeTest -->
